<?xml version="1.0" encoding="UTF-8"?>
<!-- Generated by org.testng.reporters.JUnitReportReporter -->
<testsuite skipped="0" hostname="Monica" name="CongaTest.AutomationAssignment.SeleniumTest" tests="1" failures="0" timestamp="06 Feb 2021 03:43:24 GMT" time="3.592" errors="0">
  <testcase name="scenario1Test" time="3.592" classname="CongaTest.AutomationAssignment.SeleniumTest"/>
</testsuite> <!-- CongaTest.AutomationAssignment.SeleniumTest -->
